17:23:09.144 karate.env system property was: null 
17:23:09.151 request:
1 > GET http://localhost:8080/v1/thirdparty/accounts/77455f66-ef6b-4d46-a3b6-17d6f3cce02f/sub/428bc15e-c249-4f23-8ea8-04593a2e2796
1 > Accept-Encoding: gzip,deflate
1 > Authorization: Bearer eyJhbGciOiJIUzI1NiJ9.eyJzdWIiOiI3NzQ1NWY2Ni1lZjZiLTRkNDYtYTNiNi0xN2Q2ZjNjY2UwMmYiLCJyb2xlIjoiUk9MRVRISVJEUEFSVFkiLCJleHAiOjE1NjQxMjkwNTIsImlhdCI6MTU2NDEyNzI1Mn0.h2-rCy_k6SFpqJeaMqTQulnq1y6iOfuEsx-4JOdQSF0
1 > Connection: Keep-Alive
1 > Host: localhost:8080
1 > User-Agent: Apache-HttpClient/4.5.5 (Java/1.8.0_212)

17:23:09.157 response time in milliseconds: 4.51
1 < 500
1 < Cache-Control: no-cache, no-store, max-age=0, must-revalidate
1 < Connection: close
1 < Content-Language: en
1 < Content-Length: 7944
1 < Content-Type: text/html;charset=utf-8
1 < Date: Fri, 26 Jul 2019 08:23:08 GMT
1 < Expires: 0
1 < Pragma: no-cache
1 < Set-Cookie: JSESSIONID=23BF45DF17DCF4E6B6BCAA2419F0094E; Path=/v1; HttpOnly
1 < X-Content-Type-Options: nosniff
1 < X-Frame-Options: DENY
1 < X-XSS-Protection: 1; mode=block
<!doctype html><html lang="en"><head><title>HTTP Status 500 – Internal Server Error</title><style type="text/css">h1 {font-family:Tahoma,Arial,sans-serif;color:white;background-color:#525D76;font-size:22px;} h2 {font-family:Tahoma,Arial,sans-serif;color:white;background-color:#525D76;font-size:16px;} h3 {font-family:Tahoma,Arial,sans-serif;color:white;background-color:#525D76;font-size:14px;} body {font-family:Tahoma,Arial,sans-serif;color:black;background-color:white;} b {font-family:Tahoma,Arial,sans-serif;color:white;background-color:#525D76;} p {font-family:Tahoma,Arial,sans-serif;background:white;color:black;font-size:12px;} a {color:black;} a.name {color:black;} .line {height:1px;background-color:#525D76;border:none;}</style></head><body><h1>HTTP Status 500 – Internal Server Error</h1><hr class="line" /><p><b>Type</b> Exception Report</p><p><b>Message</b> Error validating the jwt token</p><p><b>Description</b> The server encountered an unexpected condition that prevented it from fulfilling the request.</p><p><b>Exception</b></p><pre>com.scalar.information_bank.api.security.AuthenticationException: Error validating the jwt token
	com.scalar.information_bank.api.security.JwtTokenService.hasToken(JwtTokenService.java:82)
	com.scalar.information_bank.api.security.AuthenticationTokenFilter.doFilterInternal(AuthenticationTokenFilter.java:38)
	org.springframework.web.filter.OncePerRequestFilter.doFilter(OncePerRequestFilter.java:107)
	org.springframework.security.web.FilterChainProxy$VirtualFilterChain.doFilter(FilterChainProxy.java:334)
	org.springframework.security.web.authentication.logout.LogoutFilter.doFilter(LogoutFilter.java:116)
	org.springframework.security.web.FilterChainProxy$VirtualFilterChain.doFilter(FilterChainProxy.java:334)
	org.springframework.web.filter.CorsFilter.doFilterInternal(CorsFilter.java:96)
	org.springframework.web.filter.OncePerRequestFilter.doFilter(OncePerRequestFilter.java:107)
	org.springframework.security.web.FilterChainProxy$VirtualFilterChain.doFilter(FilterChainProxy.java:334)
	org.springframework.security.web.header.HeaderWriterFilter.doFilterInternal(HeaderWriterFilter.java:74)
	org.springframework.web.filter.OncePerRequestFilter.doFilter(OncePerRequestFilter.java:107)
	org.springframework.security.web.FilterChainProxy$VirtualFilterChain.doFilter(FilterChainProxy.java:334)
	org.springframework.security.web.context.SecurityContextPersistenceFilter.doFilter(SecurityContextPersistenceFilter.java:105)
	org.springframework.security.web.FilterChainProxy$VirtualFilterChain.doFilter(FilterChainProxy.java:334)
	org.springframework.security.web.context.request.async.WebAsyncManagerIntegrationFilter.doFilterInternal(WebAsyncManagerIntegrationFilter.java:56)
	org.springframework.web.filter.OncePerRequestFilter.doFilter(OncePerRequestFilter.java:107)
	org.springframework.security.web.FilterChainProxy$VirtualFilterChain.doFilter(FilterChainProxy.java:334)
	org.springframework.security.web.FilterChainProxy.doFilterInternal(FilterChainProxy.java:215)
	org.springframework.security.web.FilterChainProxy.doFilter(FilterChainProxy.java:178)
	org.springframework.web.filter.DelegatingFilterProxy.invokeDelegate(DelegatingFilterProxy.java:357)
	org.springframework.web.filter.DelegatingFilterProxy.doFilter(DelegatingFilterProxy.java:270)
	org.springframework.web.filter.RequestContextFilter.doFilterInternal(RequestContextFilter.java:99)
	org.springframework.web.filter.OncePerRequestFilter.doFilter(OncePerRequestFilter.java:107)
	org.springframework.web.filter.FormContentFilter.doFilterInternal(FormContentFilter.java:92)
	org.springframework.web.filter.OncePerRequestFilter.doFilter(OncePerRequestFilter.java:107)
	org.springframework.web.filter.HiddenHttpMethodFilter.doFilterInternal(HiddenHttpMethodFilter.java:93)
	org.springframework.web.filter.OncePerRequestFilter.doFilter(OncePerRequestFilter.java:107)
	org.springframework.web.filter.CharacterEncodingFilter.doFilterInternal(CharacterEncodingFilter.java:200)
	org.springframework.web.filter.OncePerRequestFilter.doFilter(OncePerRequestFilter.java:107)
</pre><p><b>Root Cause</b></p><pre>io.jsonwebtoken.ExpiredJwtException: JWT expired at 2019-07-26T17:17:32Z. Current time: 2019-07-26T17:23:09Z, a difference of 337153 milliseconds.  Allowed clock skew: 0 milliseconds.
	io.jsonwebtoken.impl.DefaultJwtParser.parse(DefaultJwtParser.java:385)
	io.jsonwebtoken.impl.DefaultJwtParser.parse(DefaultJwtParser.java:481)
	io.jsonwebtoken.impl.DefaultJwtParser.parseClaimsJws(DefaultJwtParser.java:541)
	com.scalar.information_bank.api.security.JwtTokenService.getAllClaimsFromToken(JwtTokenService.java:157)
	com.scalar.information_bank.api.security.JwtTokenService.getClaimFromToken(JwtTokenService.java:151)
	com.scalar.information_bank.api.security.JwtTokenService.getSubjectIdFromToken(JwtTokenService.java:132)
	com.scalar.information_bank.api.security.JwtTokenService.hasToken(JwtTokenService.java:77)
	com.scalar.information_bank.api.security.AuthenticationTokenFilter.doFilterInternal(AuthenticationTokenFilter.java:38)
	org.springframework.web.filter.OncePerRequestFilter.doFilter(OncePerRequestFilter.java:107)
	org.springframework.security.web.FilterChainProxy$VirtualFilterChain.doFilter(FilterChainProxy.java:334)
	org.springframework.security.web.authentication.logout.LogoutFilter.doFilter(LogoutFilter.java:116)
	org.springframework.security.web.FilterChainProxy$VirtualFilterChain.doFilter(FilterChainProxy.java:334)
	org.springframework.web.filter.CorsFilter.doFilterInternal(CorsFilter.java:96)
	org.springframework.web.filter.OncePerRequestFilter.doFilter(OncePerRequestFilter.java:107)
	org.springframework.security.web.FilterChainProxy$VirtualFilterChain.doFilter(FilterChainProxy.java:334)
	org.springframework.security.web.header.HeaderWriterFilter.doFilterInternal(HeaderWriterFilter.java:74)
	org.springframework.web.filter.OncePerRequestFilter.doFilter(OncePerRequestFilter.java:107)
	org.springframework.security.web.FilterChainProxy$VirtualFilterChain.doFilter(FilterChainProxy.java:334)
	org.springframework.security.web.context.SecurityContextPersistenceFilter.doFilter(SecurityContextPersistenceFilter.java:105)
	org.springframework.security.web.FilterChainProxy$VirtualFilterChain.doFilter(FilterChainProxy.java:334)
	org.springframework.security.web.context.request.async.WebAsyncManagerIntegrationFilter.doFilterInternal(WebAsyncManagerIntegrationFilter.java:56)
	org.springframework.web.filter.OncePerRequestFilter.doFilter(OncePerRequestFilter.java:107)
	org.springframework.security.web.FilterChainProxy$VirtualFilterChain.doFilter(FilterChainProxy.java:334)
	org.springframework.security.web.FilterChainProxy.doFilterInternal(FilterChainProxy.java:215)
	org.springframework.security.web.FilterChainProxy.doFilter(FilterChainProxy.java:178)
	org.springframework.web.filter.DelegatingFilterProxy.invokeDelegate(DelegatingFilterProxy.java:357)
	org.springframework.web.filter.DelegatingFilterProxy.doFilter(DelegatingFilterProxy.java:270)
	org.springframework.web.filter.RequestContextFilter.doFilterInternal(RequestContextFilter.java:99)
	org.springframework.web.filter.OncePerRequestFilter.doFilter(OncePerRequestFilter.java:107)
	org.springframework.web.filter.FormContentFilter.doFilterInternal(FormContentFilter.java:92)
	org.springframework.web.filter.OncePerRequestFilter.doFilter(OncePerRequestFilter.java:107)
	org.springframework.web.filter.HiddenHttpMethodFilter.doFilterInternal(HiddenHttpMethodFilter.java:93)
	org.springframework.web.filter.OncePerRequestFilter.doFilter(OncePerRequestFilter.java:107)
	org.springframework.web.filter.CharacterEncodingFilter.doFilterInternal(CharacterEncodingFilter.java:200)
	org.springframework.web.filter.OncePerRequestFilter.doFilter(OncePerRequestFilter.java:107)
</pre><p><b>Note</b> The full stack trace of the root cause is available in the server logs.</p><hr class="line" /><h3>Apache Tomcat/9.0.19</h3></body></html>

17:23:09.158 xml parsing failed, response data type set to string: org.xml.sax.SAXParseException; lineNumber: 1; columnNumber: 3; The markup in the document preceding the root element must be well-formed.
17:23:09.192 status code was: 500, expected: 200, response time: 5, url: http://localhost:8080/v1/thirdparty/accounts/77455f66-ef6b-4d46-a3b6-17d6f3cce02f/sub/428bc15e-c249-4f23-8ea8-04593a2e2796, response: <!doctype html><html lang="en"><head><title>HTTP Status 500 – Internal Server Error</title><style type="text/css">h1 {font-family:Tahoma,Arial,sans-serif;color:white;background-color:#525D76;font-size:22px;} h2 {font-family:Tahoma,Arial,sans-serif;color:white;background-color:#525D76;font-size:16px;} h3 {font-family:Tahoma,Arial,sans-serif;color:white;background-color:#525D76;font-size:14px;} body {font-family:Tahoma,Arial,sans-serif;color:black;background-color:white;} b {font-family:Tahoma,Arial,sans-serif;color:white;background-color:#525D76;} p {font-family:Tahoma,Arial,sans-serif;background:white;color:black;font-size:12px;} a {color:black;} a.name {color:black;} .line {height:1px;background-color:#525D76;border:none;}</style></head><body><h1>HTTP Status 500 – Internal Server Error</h1><hr class="line" /><p><b>Type</b> Exception Report</p><p><b>Message</b> Error validating the jwt token</p><p><b>Description</b> The server encountered an unexpected condition that prevented it from fulfilling the request.</p><p><b>Exception</b></p><pre>com.scalar.information_bank.api.security.AuthenticationException: Error validating the jwt token
	com.scalar.information_bank.api.security.JwtTokenService.hasToken(JwtTokenService.java:82)
	com.scalar.information_bank.api.security.AuthenticationTokenFilter.doFilterInternal(AuthenticationTokenFilter.java:38)
	org.springframework.web.filter.OncePerRequestFilter.doFilter(OncePerRequestFilter.java:107)
	org.springframework.security.web.FilterChainProxy$VirtualFilterChain.doFilter(FilterChainProxy.java:334)
	org.springframework.security.web.authentication.logout.LogoutFilter.doFilter(LogoutFilter.java:116)
	org.springframework.security.web.FilterChainProxy$VirtualFilterChain.doFilter(FilterChainProxy.java:334)
	org.springframework.web.filter.CorsFilter.doFilterInternal(CorsFilter.java:96)
	org.springframework.web.filter.OncePerRequestFilter.doFilter(OncePerRequestFilter.java:107)
	org.springframework.security.web.FilterChainProxy$VirtualFilterChain.doFilter(FilterChainProxy.java:334)
	org.springframework.security.web.header.HeaderWriterFilter.doFilterInternal(HeaderWriterFilter.java:74)
	org.springframework.web.filter.OncePerRequestFilter.doFilter(OncePerRequestFilter.java:107)
	org.springframework.security.web.FilterChainProxy$VirtualFilterChain.doFilter(FilterChainProxy.java:334)
	org.springframework.security.web.context.SecurityContextPersistenceFilter.doFilter(SecurityContextPersistenceFilter.java:105)
	org.springframework.security.web.FilterChainProxy$VirtualFilterChain.doFilter(FilterChainProxy.java:334)
	org.springframework.security.web.context.request.async.WebAsyncManagerIntegrationFilter.doFilterInternal(WebAsyncManagerIntegrationFilter.java:56)
	org.springframework.web.filter.OncePerRequestFilter.doFilter(OncePerRequestFilter.java:107)
	org.springframework.security.web.FilterChainProxy$VirtualFilterChain.doFilter(FilterChainProxy.java:334)
	org.springframework.security.web.FilterChainProxy.doFilterInternal(FilterChainProxy.java:215)
	org.springframework.security.web.FilterChainProxy.doFilter(FilterChainProxy.java:178)
	org.springframework.web.filter.DelegatingFilterProxy.invokeDelegate(DelegatingFilterProxy.java:357)
	org.springframework.web.filter.DelegatingFilterProxy.doFilter(DelegatingFilterProxy.java:270)
	org.springframework.web.filter.RequestContextFilter.doFilterInternal(RequestContextFilter.java:99)
	org.springframework.web.filter.OncePerRequestFilter.doFilter(OncePerRequestFilter.java:107)
	org.springframework.web.filter.FormContentFilter.doFilterInternal(FormContentFilter.java:92)
	org.springframework.web.filter.OncePerRequestFilter.doFilter(OncePerRequestFilter.java:107)
	org.springframework.web.filter.HiddenHttpMethodFilter.doFilterInternal(HiddenHttpMethodFilter.java:93)
	org.springframework.web.filter.OncePerRequestFilter.doFilter(OncePerRequestFilter.java:107)
	org.springframework.web.filter.CharacterEncodingFilter.doFilterInternal(CharacterEncodingFilter.java:200)
	org.springframework.web.filter.OncePerRequestFilter.doFilter(OncePerRequestFilter.java:107)
</pre><p><b>Root Cause</b></p><pre>io.jsonwebtoken.ExpiredJwtException: JWT expired at 2019-07-26T17:17:32Z. Current time: 2019-07-26T17:23:09Z, a difference of 337153 milliseconds.  Allowed clock skew: 0 milliseconds.
	io.jsonwebtoken.impl.DefaultJwtParser.parse(DefaultJwtParser.java:385)
	io.jsonwebtoken.impl.DefaultJwtParser.parse(DefaultJwtParser.java:481)
	io.jsonwebtoken.impl.DefaultJwtParser.parseClaimsJws(DefaultJwtParser.java:541)
	com.scalar.information_bank.api.security.JwtTokenService.getAllClaimsFromToken(JwtTokenService.java:157)
	com.scalar.information_bank.api.security.JwtTokenService.getClaimFromToken(JwtTokenService.java:151)
	com.scalar.information_bank.api.security.JwtTokenService.getSubjectIdFromToken(JwtTokenService.java:132)
	com.scalar.information_bank.api.security.JwtTokenService.hasToken(JwtTokenService.java:77)
	com.scalar.information_bank.api.security.AuthenticationTokenFilter.doFilterInternal(AuthenticationTokenFilter.java:38)
	org.springframework.web.filter.OncePerRequestFilter.doFilter(OncePerRequestFilter.java:107)
	org.springframework.security.web.FilterChainProxy$VirtualFilterChain.doFilter(FilterChainProxy.java:334)
	org.springframework.security.web.authentication.logout.LogoutFilter.doFilter(LogoutFilter.java:116)
	org.springframework.security.web.FilterChainProxy$VirtualFilterChain.doFilter(FilterChainProxy.java:334)
	org.springframework.web.filter.CorsFilter.doFilterInternal(CorsFilter.java:96)
	org.springframework.web.filter.OncePerRequestFilter.doFilter(OncePerRequestFilter.java:107)
	org.springframework.security.web.FilterChainProxy$VirtualFilterChain.doFilter(FilterChainProxy.java:334)
	org.springframework.security.web.header.HeaderWriterFilter.doFilterInternal(HeaderWriterFilter.java:74)
	org.springframework.web.filter.OncePerRequestFilter.doFilter(OncePerRequestFilter.java:107)
	org.springframework.security.web.FilterChainProxy$VirtualFilterChain.doFilter(FilterChainProxy.java:334)
	org.springframework.security.web.context.SecurityContextPersistenceFilter.doFilter(SecurityContextPersistenceFilter.java:105)
	org.springframework.security.web.FilterChainProxy$VirtualFilterChain.doFilter(FilterChainProxy.java:334)
	org.springframework.security.web.context.request.async.WebAsyncManagerIntegrationFilter.doFilterInternal(WebAsyncManagerIntegrationFilter.java:56)
	org.springframework.web.filter.OncePerRequestFilter.doFilter(OncePerRequestFilter.java:107)
	org.springframework.security.web.FilterChainProxy$VirtualFilterChain.doFilter(FilterChainProxy.java:334)
	org.springframework.security.web.FilterChainProxy.doFilterInternal(FilterChainProxy.java:215)
	org.springframework.security.web.FilterChainProxy.doFilter(FilterChainProxy.java:178)
	org.springframework.web.filter.DelegatingFilterProxy.invokeDelegate(DelegatingFilterProxy.java:357)
	org.springframework.web.filter.DelegatingFilterProxy.doFilter(DelegatingFilterProxy.java:270)
	org.springframework.web.filter.RequestContextFilter.doFilterInternal(RequestContextFilter.java:99)
	org.springframework.web.filter.OncePerRequestFilter.doFilter(OncePerRequestFilter.java:107)
	org.springframework.web.filter.FormContentFilter.doFilterInternal(FormContentFilter.java:92)
	org.springframework.web.filter.OncePerRequestFilter.doFilter(OncePerRequestFilter.java:107)
	org.springframework.web.filter.HiddenHttpMethodFilter.doFilterInternal(HiddenHttpMethodFilter.java:93)
	org.springframework.web.filter.OncePerRequestFilter.doFilter(OncePerRequestFilter.java:107)
	org.springframework.web.filter.CharacterEncodingFilter.doFilterInternal(CharacterEncodingFilter.java:200)
	org.springframework.web.filter.OncePerRequestFilter.doFilter(OncePerRequestFilter.java:107)
</pre><p><b>Note</b> The full stack trace of the root cause is available in the server logs.</p><hr class="line" /><h3>Apache Tomcat/9.0.19</h3></body></html>
