12:38:12.827 scenario called at line: 8 by tag: @name=Admin
12:38:12.836 request:
1 > POST http://localhost:8080/v1/admin/accounts/admin/jwt/token
1 > Accept-Encoding: gzip,deflate
1 > Connection: Keep-Alive
1 > Content-Length: 20
1 > Content-Type: application/json; charset=UTF-8
1 > Host: localhost:8080
1 > User-Agent: Apache-HttpClient/4.5.5 (Java/1.8.0_212)
{"password":"admin"}

12:38:12.924 response time in milliseconds: 87.26
1 < 200
1 < Authorization: Bearer eyJhbGciOiJIUzI1NiJ9.eyJzdWIiOiJhZG1pbiIsInJvbGUiOiJST0xFQURNSU4iLCJleHAiOjE1NjQzNzMyOTIsImlhdCI6MTU2NDM3MTQ5Mn0.gHKi1sm6jwOW6qC8HppBow2JaM-vt3eZCaYz5KM3ESY
1 < Cache-Control: no-cache, no-store, max-age=0, must-revalidate
1 < Content-Length: 0
1 < Date: Mon, 29 Jul 2019 03:38:12 GMT
1 < Expires: 0
1 < Pragma: no-cache
1 < Set-Cookie: JSESSIONID=33723D5E3D85ED7D8E685DFF139155C2; Path=/v1; HttpOnly
1 < X-Content-Type-Options: nosniff
1 < X-Frame-Options: DENY
1 < X-XSS-Protection: 1; mode=block


