16:58:41.878 karate.env system property was: e2e 
16:58:42.317 request:
1 > POST http://localhost:8080/v1/admin/accounts
1 > Accept-Encoding: gzip,deflate
1 > Authorization: Bearer eyJhbGciOiJIUzI1NiJ9.eyJzdWIiOiI0NCIsInJvbGUiOiJST0xFREFUQVNVQkpFQ1QiLCJleHAiOjE1NjQwMjQxMzcsImlhdCI6MTU2NDAyMjMzN30.ZsQJXjFm1SFXkXdsy2JE35nlL94ArbH1yz3VltS6ntk
1 > Connection: Keep-Alive
1 > Content-Length: 122
1 > Content-Type: application/json; charset=UTF-8
1 > Host: localhost:8080
1 > User-Agent: Apache-HttpClient/4.5.5 (Java/1.8.0_212)
{"last_name":"jr","middle_name":"doe","first_name":"mfn","email":"aed@xyz.com","phone_number":"12331","password":"abcdef"}

16:58:42.442 response time in milliseconds: 113.50
1 < 500
1 < Cache-Control: no-cache, no-store, max-age=0, must-revalidate
1 < Connection: close
1 < Content-Language: en
1 < Content-Length: 7946
1 < Content-Type: text/html;charset=utf-8
1 < Date: Thu, 25 Jul 2019 07:58:42 GMT
1 < Expires: 0
1 < Pragma: no-cache
1 < Set-Cookie: JSESSIONID=90212F3D310D5FE07C71F4C7DA7401C0; Path=/v1; HttpOnly
1 < X-Content-Type-Options: nosniff
1 < X-Frame-Options: DENY
1 < X-XSS-Protection: 1; mode=block
<!doctype html><html lang="en"><head><title>HTTP Status 500 – Internal Server Error</title><style type="text/css">h1 {font-family:Tahoma,Arial,sans-serif;color:white;background-color:#525D76;font-size:22px;} h2 {font-family:Tahoma,Arial,sans-serif;color:white;background-color:#525D76;font-size:16px;} h3 {font-family:Tahoma,Arial,sans-serif;color:white;background-color:#525D76;font-size:14px;} body {font-family:Tahoma,Arial,sans-serif;color:black;background-color:white;} b {font-family:Tahoma,Arial,sans-serif;color:white;background-color:#525D76;} p {font-family:Tahoma,Arial,sans-serif;background:white;color:black;font-size:12px;} a {color:black;} a.name {color:black;} .line {height:1px;background-color:#525D76;border:none;}</style></head><body><h1>HTTP Status 500 – Internal Server Error</h1><hr class="line" /><p><b>Type</b> Exception Report</p><p><b>Message</b> Error validating the jwt token</p><p><b>Description</b> The server encountered an unexpected condition that prevented it from fulfilling the request.</p><p><b>Exception</b></p><pre>com.scalar.information_bank.api.security.AuthenticationException: Error validating the jwt token
	com.scalar.information_bank.api.security.JwtTokenService.hasToken(JwtTokenService.java:82)
	com.scalar.information_bank.api.security.AuthenticationTokenFilter.doFilterInternal(AuthenticationTokenFilter.java:38)
	org.springframework.web.filter.OncePerRequestFilter.doFilter(OncePerRequestFilter.java:107)
	org.springframework.security.web.FilterChainProxy$VirtualFilterChain.doFilter(FilterChainProxy.java:334)
	org.springframework.security.web.authentication.logout.LogoutFilter.doFilter(LogoutFilter.java:116)
	org.springframework.security.web.FilterChainProxy$VirtualFilterChain.doFilter(FilterChainProxy.java:334)
	org.springframework.web.filter.CorsFilter.doFilterInternal(CorsFilter.java:96)
	org.springframework.web.filter.OncePerRequestFilter.doFilter(OncePerRequestFilter.java:107)
	org.springframework.security.web.FilterChainProxy$VirtualFilterChain.doFilter(FilterChainProxy.java:334)
	org.springframework.security.web.header.HeaderWriterFilter.doFilterInternal(HeaderWriterFilter.java:74)
	org.springframework.web.filter.OncePerRequestFilter.doFilter(OncePerRequestFilter.java:107)
	org.springframework.security.web.FilterChainProxy$VirtualFilterChain.doFilter(FilterChainProxy.java:334)
	org.springframework.security.web.context.SecurityContextPersistenceFilter.doFilter(SecurityContextPersistenceFilter.java:105)
	org.springframework.security.web.FilterChainProxy$VirtualFilterChain.doFilter(FilterChainProxy.java:334)
	org.springframework.security.web.context.request.async.WebAsyncManagerIntegrationFilter.doFilterInternal(WebAsyncManagerIntegrationFilter.java:56)
	org.springframework.web.filter.OncePerRequestFilter.doFilter(OncePerRequestFilter.java:107)
	org.springframework.security.web.FilterChainProxy$VirtualFilterChain.doFilter(FilterChainProxy.java:334)
	org.springframework.security.web.FilterChainProxy.doFilterInternal(FilterChainProxy.java:215)
	org.springframework.security.web.FilterChainProxy.doFilter(FilterChainProxy.java:178)
	org.springframework.web.filter.DelegatingFilterProxy.invokeDelegate(DelegatingFilterProxy.java:357)
	org.springframework.web.filter.DelegatingFilterProxy.doFilter(DelegatingFilterProxy.java:270)
	org.springframework.web.filter.RequestContextFilter.doFilterInternal(RequestContextFilter.java:99)
	org.springframework.web.filter.OncePerRequestFilter.doFilter(OncePerRequestFilter.java:107)
	org.springframework.web.filter.FormContentFilter.doFilterInternal(FormContentFilter.java:92)
	org.springframework.web.filter.OncePerRequestFilter.doFilter(OncePerRequestFilter.java:107)
	org.springframework.web.filter.HiddenHttpMethodFilter.doFilterInternal(HiddenHttpMethodFilter.java:93)
	org.springframework.web.filter.OncePerRequestFilter.doFilter(OncePerRequestFilter.java:107)
	org.springframework.web.filter.CharacterEncodingFilter.doFilterInternal(CharacterEncodingFilter.java:200)
	org.springframework.web.filter.OncePerRequestFilter.doFilter(OncePerRequestFilter.java:107)
</pre><p><b>Root Cause</b></p><pre>io.jsonwebtoken.ExpiredJwtException: JWT expired at 2019-07-25T12:08:57Z. Current time: 2019-07-25T16:58:42Z, a difference of 17385390 milliseconds.  Allowed clock skew: 0 milliseconds.
	io.jsonwebtoken.impl.DefaultJwtParser.parse(DefaultJwtParser.java:385)
	io.jsonwebtoken.impl.DefaultJwtParser.parse(DefaultJwtParser.java:481)
	io.jsonwebtoken.impl.DefaultJwtParser.parseClaimsJws(DefaultJwtParser.java:541)
	com.scalar.information_bank.api.security.JwtTokenService.getAllClaimsFromToken(JwtTokenService.java:157)
	com.scalar.information_bank.api.security.JwtTokenService.getClaimFromToken(JwtTokenService.java:151)
	com.scalar.information_bank.api.security.JwtTokenService.getSubjectIdFromToken(JwtTokenService.java:132)
	com.scalar.information_bank.api.security.JwtTokenService.hasToken(JwtTokenService.java:77)
	com.scalar.information_bank.api.security.AuthenticationTokenFilter.doFilterInternal(AuthenticationTokenFilter.java:38)
	org.springframework.web.filter.OncePerRequestFilter.doFilter(OncePerRequestFilter.java:107)
	org.springframework.security.web.FilterChainProxy$VirtualFilterChain.doFilter(FilterChainProxy.java:334)
	org.springframework.security.web.authentication.logout.LogoutFilter.doFilter(LogoutFilter.java:116)
	org.springframework.security.web.FilterChainProxy$VirtualFilterChain.doFilter(FilterChainProxy.java:334)
	org.springframework.web.filter.CorsFilter.doFilterInternal(CorsFilter.java:96)
	org.springframework.web.filter.OncePerRequestFilter.doFilter(OncePerRequestFilter.java:107)
	org.springframework.security.web.FilterChainProxy$VirtualFilterChain.doFilter(FilterChainProxy.java:334)
	org.springframework.security.web.header.HeaderWriterFilter.doFilterInternal(HeaderWriterFilter.java:74)
	org.springframework.web.filter.OncePerRequestFilter.doFilter(OncePerRequestFilter.java:107)
	org.springframework.security.web.FilterChainProxy$VirtualFilterChain.doFilter(FilterChainProxy.java:334)
	org.springframework.security.web.context.SecurityContextPersistenceFilter.doFilter(SecurityContextPersistenceFilter.java:105)
	org.springframework.security.web.FilterChainProxy$VirtualFilterChain.doFilter(FilterChainProxy.java:334)
	org.springframework.security.web.context.request.async.WebAsyncManagerIntegrationFilter.doFilterInternal(WebAsyncManagerIntegrationFilter.java:56)
	org.springframework.web.filter.OncePerRequestFilter.doFilter(OncePerRequestFilter.java:107)
	org.springframework.security.web.FilterChainProxy$VirtualFilterChain.doFilter(FilterChainProxy.java:334)
	org.springframework.security.web.FilterChainProxy.doFilterInternal(FilterChainProxy.java:215)
	org.springframework.security.web.FilterChainProxy.doFilter(FilterChainProxy.java:178)
	org.springframework.web.filter.DelegatingFilterProxy.invokeDelegate(DelegatingFilterProxy.java:357)
	org.springframework.web.filter.DelegatingFilterProxy.doFilter(DelegatingFilterProxy.java:270)
	org.springframework.web.filter.RequestContextFilter.doFilterInternal(RequestContextFilter.java:99)
	org.springframework.web.filter.OncePerRequestFilter.doFilter(OncePerRequestFilter.java:107)
	org.springframework.web.filter.FormContentFilter.doFilterInternal(FormContentFilter.java:92)
	org.springframework.web.filter.OncePerRequestFilter.doFilter(OncePerRequestFilter.java:107)
	org.springframework.web.filter.HiddenHttpMethodFilter.doFilterInternal(HiddenHttpMethodFilter.java:93)
	org.springframework.web.filter.OncePerRequestFilter.doFilter(OncePerRequestFilter.java:107)
	org.springframework.web.filter.CharacterEncodingFilter.doFilterInternal(CharacterEncodingFilter.java:200)
	org.springframework.web.filter.OncePerRequestFilter.doFilter(OncePerRequestFilter.java:107)
</pre><p><b>Note</b> The full stack trace of the root cause is available in the server logs.</p><hr class="line" /><h3>Apache Tomcat/9.0.19</h3></body></html>

16:58:42.574 xml parsing failed, response data type set to string: org.xml.sax.SAXParseException; lineNumber: 1; columnNumber: 3; The markup in the document preceding the root element must be well-formed.
16:58:42.576 status code was: 500, expected: 200, response time: 113, url: http://localhost:8080/v1/admin/accounts, response: <!doctype html><html lang="en"><head><title>HTTP Status 500 – Internal Server Error</title><style type="text/css">h1 {font-family:Tahoma,Arial,sans-serif;color:white;background-color:#525D76;font-size:22px;} h2 {font-family:Tahoma,Arial,sans-serif;color:white;background-color:#525D76;font-size:16px;} h3 {font-family:Tahoma,Arial,sans-serif;color:white;background-color:#525D76;font-size:14px;} body {font-family:Tahoma,Arial,sans-serif;color:black;background-color:white;} b {font-family:Tahoma,Arial,sans-serif;color:white;background-color:#525D76;} p {font-family:Tahoma,Arial,sans-serif;background:white;color:black;font-size:12px;} a {color:black;} a.name {color:black;} .line {height:1px;background-color:#525D76;border:none;}</style></head><body><h1>HTTP Status 500 – Internal Server Error</h1><hr class="line" /><p><b>Type</b> Exception Report</p><p><b>Message</b> Error validating the jwt token</p><p><b>Description</b> The server encountered an unexpected condition that prevented it from fulfilling the request.</p><p><b>Exception</b></p><pre>com.scalar.information_bank.api.security.AuthenticationException: Error validating the jwt token
	com.scalar.information_bank.api.security.JwtTokenService.hasToken(JwtTokenService.java:82)
	com.scalar.information_bank.api.security.AuthenticationTokenFilter.doFilterInternal(AuthenticationTokenFilter.java:38)
	org.springframework.web.filter.OncePerRequestFilter.doFilter(OncePerRequestFilter.java:107)
	org.springframework.security.web.FilterChainProxy$VirtualFilterChain.doFilter(FilterChainProxy.java:334)
	org.springframework.security.web.authentication.logout.LogoutFilter.doFilter(LogoutFilter.java:116)
	org.springframework.security.web.FilterChainProxy$VirtualFilterChain.doFilter(FilterChainProxy.java:334)
	org.springframework.web.filter.CorsFilter.doFilterInternal(CorsFilter.java:96)
	org.springframework.web.filter.OncePerRequestFilter.doFilter(OncePerRequestFilter.java:107)
	org.springframework.security.web.FilterChainProxy$VirtualFilterChain.doFilter(FilterChainProxy.java:334)
	org.springframework.security.web.header.HeaderWriterFilter.doFilterInternal(HeaderWriterFilter.java:74)
	org.springframework.web.filter.OncePerRequestFilter.doFilter(OncePerRequestFilter.java:107)
	org.springframework.security.web.FilterChainProxy$VirtualFilterChain.doFilter(FilterChainProxy.java:334)
	org.springframework.security.web.context.SecurityContextPersistenceFilter.doFilter(SecurityContextPersistenceFilter.java:105)
	org.springframework.security.web.FilterChainProxy$VirtualFilterChain.doFilter(FilterChainProxy.java:334)
	org.springframework.security.web.context.request.async.WebAsyncManagerIntegrationFilter.doFilterInternal(WebAsyncManagerIntegrationFilter.java:56)
	org.springframework.web.filter.OncePerRequestFilter.doFilter(OncePerRequestFilter.java:107)
	org.springframework.security.web.FilterChainProxy$VirtualFilterChain.doFilter(FilterChainProxy.java:334)
	org.springframework.security.web.FilterChainProxy.doFilterInternal(FilterChainProxy.java:215)
	org.springframework.security.web.FilterChainProxy.doFilter(FilterChainProxy.java:178)
	org.springframework.web.filter.DelegatingFilterProxy.invokeDelegate(DelegatingFilterProxy.java:357)
	org.springframework.web.filter.DelegatingFilterProxy.doFilter(DelegatingFilterProxy.java:270)
	org.springframework.web.filter.RequestContextFilter.doFilterInternal(RequestContextFilter.java:99)
	org.springframework.web.filter.OncePerRequestFilter.doFilter(OncePerRequestFilter.java:107)
	org.springframework.web.filter.FormContentFilter.doFilterInternal(FormContentFilter.java:92)
	org.springframework.web.filter.OncePerRequestFilter.doFilter(OncePerRequestFilter.java:107)
	org.springframework.web.filter.HiddenHttpMethodFilter.doFilterInternal(HiddenHttpMethodFilter.java:93)
	org.springframework.web.filter.OncePerRequestFilter.doFilter(OncePerRequestFilter.java:107)
	org.springframework.web.filter.CharacterEncodingFilter.doFilterInternal(CharacterEncodingFilter.java:200)
	org.springframework.web.filter.OncePerRequestFilter.doFilter(OncePerRequestFilter.java:107)
</pre><p><b>Root Cause</b></p><pre>io.jsonwebtoken.ExpiredJwtException: JWT expired at 2019-07-25T12:08:57Z. Current time: 2019-07-25T16:58:42Z, a difference of 17385390 milliseconds.  Allowed clock skew: 0 milliseconds.
	io.jsonwebtoken.impl.DefaultJwtParser.parse(DefaultJwtParser.java:385)
	io.jsonwebtoken.impl.DefaultJwtParser.parse(DefaultJwtParser.java:481)
	io.jsonwebtoken.impl.DefaultJwtParser.parseClaimsJws(DefaultJwtParser.java:541)
	com.scalar.information_bank.api.security.JwtTokenService.getAllClaimsFromToken(JwtTokenService.java:157)
	com.scalar.information_bank.api.security.JwtTokenService.getClaimFromToken(JwtTokenService.java:151)
	com.scalar.information_bank.api.security.JwtTokenService.getSubjectIdFromToken(JwtTokenService.java:132)
	com.scalar.information_bank.api.security.JwtTokenService.hasToken(JwtTokenService.java:77)
	com.scalar.information_bank.api.security.AuthenticationTokenFilter.doFilterInternal(AuthenticationTokenFilter.java:38)
	org.springframework.web.filter.OncePerRequestFilter.doFilter(OncePerRequestFilter.java:107)
	org.springframework.security.web.FilterChainProxy$VirtualFilterChain.doFilter(FilterChainProxy.java:334)
	org.springframework.security.web.authentication.logout.LogoutFilter.doFilter(LogoutFilter.java:116)
	org.springframework.security.web.FilterChainProxy$VirtualFilterChain.doFilter(FilterChainProxy.java:334)
	org.springframework.web.filter.CorsFilter.doFilterInternal(CorsFilter.java:96)
	org.springframework.web.filter.OncePerRequestFilter.doFilter(OncePerRequestFilter.java:107)
	org.springframework.security.web.FilterChainProxy$VirtualFilterChain.doFilter(FilterChainProxy.java:334)
	org.springframework.security.web.header.HeaderWriterFilter.doFilterInternal(HeaderWriterFilter.java:74)
	org.springframework.web.filter.OncePerRequestFilter.doFilter(OncePerRequestFilter.java:107)
	org.springframework.security.web.FilterChainProxy$VirtualFilterChain.doFilter(FilterChainProxy.java:334)
	org.springframework.security.web.context.SecurityContextPersistenceFilter.doFilter(SecurityContextPersistenceFilter.java:105)
	org.springframework.security.web.FilterChainProxy$VirtualFilterChain.doFilter(FilterChainProxy.java:334)
	org.springframework.security.web.context.request.async.WebAsyncManagerIntegrationFilter.doFilterInternal(WebAsyncManagerIntegrationFilter.java:56)
	org.springframework.web.filter.OncePerRequestFilter.doFilter(OncePerRequestFilter.java:107)
	org.springframework.security.web.FilterChainProxy$VirtualFilterChain.doFilter(FilterChainProxy.java:334)
	org.springframework.security.web.FilterChainProxy.doFilterInternal(FilterChainProxy.java:215)
	org.springframework.security.web.FilterChainProxy.doFilter(FilterChainProxy.java:178)
	org.springframework.web.filter.DelegatingFilterProxy.invokeDelegate(DelegatingFilterProxy.java:357)
	org.springframework.web.filter.DelegatingFilterProxy.doFilter(DelegatingFilterProxy.java:270)
	org.springframework.web.filter.RequestContextFilter.doFilterInternal(RequestContextFilter.java:99)
	org.springframework.web.filter.OncePerRequestFilter.doFilter(OncePerRequestFilter.java:107)
	org.springframework.web.filter.FormContentFilter.doFilterInternal(FormContentFilter.java:92)
	org.springframework.web.filter.OncePerRequestFilter.doFilter(OncePerRequestFilter.java:107)
	org.springframework.web.filter.HiddenHttpMethodFilter.doFilterInternal(HiddenHttpMethodFilter.java:93)
	org.springframework.web.filter.OncePerRequestFilter.doFilter(OncePerRequestFilter.java:107)
	org.springframework.web.filter.CharacterEncodingFilter.doFilterInternal(CharacterEncodingFilter.java:200)
	org.springframework.web.filter.OncePerRequestFilter.doFilter(OncePerRequestFilter.java:107)
</pre><p><b>Note</b> The full stack trace of the root cause is available in the server logs.</p><hr class="line" /><h3>Apache Tomcat/9.0.19</h3></body></html>
