13:51:14.155 karate.env system property was: null 
13:51:14.539 request:
1 > POST http://localhost:8080/v1/datasubject/accounts
1 > Accept: application/json
1 > Accept-Encoding: gzip,deflate
1 > Connection: Keep-Alive
1 > Content-Length: 139
1 > Content-Type: application/json; charset=UTF-8
1 > Host: localhost:8080
1 > User-Agent: Apache-HttpClient/4.5.5 (Java/1.8.0_212)
{"account_id":"8","first_name":"mfn","middle_name":"doe","last_name":"jr","email":"aed@xyz.com","phone_number":"12331","password":"abcdef"}

13:51:14.829 response time in milliseconds: 287.68
1 < 201
1 < Cache-Control: no-cache, no-store, max-age=0, must-revalidate
1 < Content-Length: 0
1 < Date: Fri, 19 Jul 2019 04:51:14 GMT
1 < Expires: 0
1 < Location: http://localhost:8080/v1/datasubject/accounts/8
1 < Pragma: no-cache
1 < Set-Cookie: JSESSIONID=C7BF9693C92E5F85C92C79AD38174CAB; Path=/v1; HttpOnly
1 < X-Content-Type-Options: nosniff
1 < X-Frame-Options: DENY
1 < X-XSS-Protection: 1; mode=block

e":"Object already exist","message":"The object DataSubjectAccount with the identifiers (7) already exist","debug_id":"80f78d5c-4290-4d4d-a911-d1cd277ccee0"}

18:39:34.389 status code was: 422, expected: 201, response time: 92, url: http://localhost:8080/v1/datasubject/accounts, response: {"name":"Object already exist","message":"The object DataSubjectAccount with the identifiers (7) already exist","debug_id":"80f78d5c-4290-4d4d-a911-d1cd277ccee0"}
