14:42:10.324 karate.env system property was: dev 
14:42:10.441 request:
1 > POST http://localhost:8080/v1/thirdparty/accounts/77455f66-ef6b-4d46-a3b6-17d6f3cce02f/sub
1 > Accept-Encoding: gzip,deflate
1 > Authorization: Bearer eyJhbGciOiJIUzI1NiJ9.eyJzdWIiOiI3NzQ1NWY2Ni1lZjZiLTRkNDYtYTNiNi0xN2Q2ZjNjY2UwMmYiLCJyb2xlIjoiUk9MRVRISVJEUEFSVFkiLCJleHAiOjE1NjQzODA3MzAsImlhdCI6MTU2NDM3ODkzMH0.oMFpALvB2F74NlBMIcpMUzk6VS0olHmnvUSFAWe6008
1 > Connection: Keep-Alive
1 > Content-Length: 122
1 > Content-Type: application/json; charset=UTF-8
1 > Host: localhost:8080
1 > User-Agent: Apache-HttpClient/4.5.5 (Java/1.8.0_212)
{"first_name":"sub","middle_name":"tp","last_name":"acc","email":"sub@xyz.com","password":"subacc","phone_number":"12331"}

14:42:10.528 response time in milliseconds: 86.30
1 < 201
1 < Cache-Control: no-cache, no-store, max-age=0, must-revalidate
1 < Content-Length: 0
1 < Date: Mon, 29 Jul 2019 05:42:09 GMT
1 < Expires: 0
1 < Location: http://localhost:8080/v1/thirdparty/accounts/77455f66-ef6b-4d46-a3b6-17d6f3cce02f/sub/dcb6151e-24fc-4ee8-a38a-cc27c9c08f92
1 < Pragma: no-cache
1 < Set-Cookie: JSESSIONID=FBFD98A8B21AF1086B9EECAC7B290607; Path=/v1; HttpOnly
1 < X-Content-Type-Options: nosniff
1 < X-Frame-Options: DENY
1 < X-XSS-Protection: 1; mode=block

de=block

xception</p><p><b>Description</b> The server encountered an unexpected condition that prevented it from fulfilling the request.</p><p><b>Exception</b></p><pre>org.springframework.web.util.NestedServletException: Request processing failed; nested exception is java.lang.NullPointerException
	org.springframework.web.servlet.FrameworkServlet.processRequest(FrameworkServlet.java:1013)
	org.springframework.web.servlet.FrameworkServlet.doPost(FrameworkServlet.java:908)
	javax.servlet.http.HttpServlet.service(HttpServlet.java:660)
	org.springframework.web.servlet.FrameworkServlet.service(FrameworkServlet.java:882)
	javax.servlet.http.HttpServlet.service(HttpServlet.java:741)
	org.apache.tomcat.websocket.server.WsFilter.doFilter(WsFilter.java:53)
	org.springframework.web.filter.OncePerRequestFilter.doFilter(OncePerRequestFilter.java:101)
	org.springframework.security.web.FilterChainProxy$VirtualFilterChain.doFilter(FilterChainProxy.java:320)
	org.springframework.security.web.access.intercept.FilterSecurityInterceptor.invoke(FilterSecurityInterceptor.java:127)
	org.springframework.security.web.access.intercept.FilterSecurityInterceptor.doFilter(FilterSecurityInterceptor.java:91)
	org.springframework.security.web.FilterChainProxy$VirtualFilterChain.doFilter(FilterChainProxy.java:334)
	org.springframework.security.web.access.ExceptionTranslationFilter.doFilter(ExceptionTranslationFilter.java:119)
	org.springframework.security.web.FilterChainProxy$VirtualFilterChain.doFilter(FilterChainProxy.java:334)
	org.springframework.security.web.session.SessionManagementFilter.doFilter(SessionManagementFilter.java:137)
	org.springframework.security.web.FilterChainProxy$VirtualFilterChain.doFilter(FilterChainProxy.java:334)
	org.springframework.security.web.authentication.AnonymousAuthenticationFilter.doFilter(AnonymousAuthenticationFilter.java:111)
	org.springframework.security.web.FilterChainProxy$VirtualFilterChain.doFilter(FilterChainProxy.java:334)
	org.springframework.security.web.servletapi.SecurityContextHolderAwareRequestFilter.doFilter(SecurityContextHolderAwareRequestFilter.java:170)
	org.springframework.security.web.FilterChainProxy$VirtualFilterChain.doFilter(FilterChainProxy.java:334)
	org.springframework.security.web.savedrequest.RequestCacheAwareFilter.doFilter(RequestCacheAwareFilter.java:63)
	org.springframework.security.web.FilterChainProxy$VirtualFilterChain.doFilter(FilterChainProxy.java:334)
	com.scalar.information_bank.api.security.AuthenticationTokenFilter.doFilterInternal(AuthenticationTokenFilter.java:44)
	org.springframework.web.filter.OncePerRequestFilter.doFilter(OncePerRequestFilter.java:107)
	org.springframework.security.web.FilterChainProxy$VirtualFilterChain.doFilter(FilterChainProxy.java:334)
	org.springframework.security.web.authentication.logout.LogoutFilter.doFilter(LogoutFilter.java:116)
	org.springframework.security.web.FilterChainProxy$VirtualFilterChain.doFilter(FilterChainProxy.java:334)
	org.springframework.web.filter.CorsFilter.doFilterInternal(CorsFilter.java:96)
	org.springframework.web.filter.OncePerRequestFilter.doFilter(OncePerRequestFilter.java:107)
	org.springframework.security.web.FilterChainProxy$VirtualFilterChain.doFilter(FilterChainProxy.java:334)
	org.springframework.security.web.header.HeaderWriterFilter.doFilterInternal(HeaderWriterFilter.java:74)
	org.springframework.web.filter.OncePerRequestFilter.doFilter(OncePerRequestFilter.java:107)
	org.springframework.security.web.FilterChainProxy$VirtualFilterChain.doFilter(FilterChainProxy.java:334)
	org.springframework.security.web.context.SecurityContextPersistenceFilter.doFilter(SecurityContextPersistenceFilter.java:105)
	org.springframework.security.web.FilterChainProxy$VirtualFilterChain.doFilter(FilterChainProxy.java:334)
	org.springframework.security.web.context.request.async.WebAsyncManagerIntegrationFilter.doFilterInternal(WebAsyncManagerIntegrationFilter.java:56)
	org.springframework.web.filter.OncePerRequestFilter.doFilter(OncePerRequestFilter.java:107)
	org.springframework.security.web.FilterChainProxy$VirtualFilterChain.doFilter(FilterChainProxy.java:334)
	org.springframework.security.web.FilterChainProxy.doFilterInternal(FilterChainProxy.java:215)
	org.springframework.security.web.FilterChainProxy.doFilter(FilterChainProxy.java:178)
	org.springframework.web.filter.DelegatingFilterProxy.invokeDelegate(DelegatingFilterProxy.java:357)
	org.springframework.web.filter.DelegatingFilterProxy.doFilter(DelegatingFilterProxy.java:270)
	org.springframework.web.filter.RequestContextFilter.doFilterInternal(RequestContextFilter.java:99)
	org.springframework.web.filter.OncePerRequestFilter.doFilter(OncePerRequestFilter.java:107)
	org.springframework.web.filter.FormContentFilter.doFilterInternal(FormContentFilter.java:92)
	org.springframework.web.filter.OncePerRequestFilter.doFilter(OncePerRequestFilter.java:107)
	org.springframework.web.filter.HiddenHttpMethodFilter.doFilterInternal(HiddenHttpMethodFilter.java:93)
	org.springframework.web.filter.OncePerRequestFilter.doFilter(OncePerRequestFilter.java:107)
	org.springframework.web.filter.CharacterEncodingFilter.doFilterInternal(CharacterEncodingFilter.java:200)
	org.springframework.web.filter.OncePerRequestFilter.doFilter(OncePerRequestFilter.java:107)
</pre><p><b>Root Cause</b></p><pre>java.lang.NullPointerException
	java.util.Objects.requireNonNull(Objects.java:203)
	java.util.Optional.&lt;init&gt;(Optional.java:96)
	java.util.Optional.of(Optional.java:108)
	com.scalar.information_bank.api.security.AuthenticationValidationService.validatePassword(AuthenticationValidationService.java:55)
	com.scalar.information_bank.api.security.JwtTokenService.generateToken(JwtTokenService.java:170)
	com.scalar.information_bank.api.security.controller.JwtAuthenticationRestController.createThirdPartyJwtToken(JwtAuthenticationRestController.java:62)
	sun.reflect.GeneratedMethodAccessor185.invoke(Unknown Source)
	sun.reflect.DelegatingMethodAccessorImpl.invoke(DelegatingMethodAccessorImpl.java:43)
	java.lang.reflect.Method.invoke(Method.java:498)
	org.springframework.web.method.support.InvocableHandlerMethod.doInvoke(InvocableHandlerMethod.java:190)
	org.springframework.web.method.support.InvocableHandlerMethod.invokeForRequest(InvocableHandlerMethod.java:138)
	org.springframework.web.servlet.mvc.method.annotation.ServletInvocableHandlerMethod.invokeAndHandle(ServletInvocableHandlerMethod.java:104)
	org.springframework.web.servlet.mvc.method.annotation.RequestMappingHandlerAdapter.invokeHandlerMethod(RequestMappingHandlerAdapter.java:892)
	org.springframework.web.servlet.mvc.method.annotation.RequestMappingHandlerAdapter.handleInternal(RequestMappingHandlerAdapter.java:797)
	org.springframework.web.servlet.mvc.method.AbstractHandlerMethodAdapter.handle(AbstractHandlerMethodAdapter.java:87)
	org.springframework.web.servlet.DispatcherServlet.doDispatch(DispatcherServlet.java:1039)
	org.springframework.web.servlet.DispatcherServlet.doService(DispatcherServlet.java:942)
	org.springframework.web.servlet.FrameworkServlet.processRequest(FrameworkServlet.java:1005)
	org.springframework.web.servlet.FrameworkServlet.doPost(FrameworkServlet.java:908)
	javax.servlet.http.HttpServlet.service(HttpServlet.java:660)
	org.springframework.web.servlet.FrameworkServlet.service(FrameworkServlet.java:882)
	javax.servlet.http.HttpServlet.service(HttpServlet.java:741)
	org.apache.tomcat.websocket.server.WsFilter.doFilter(WsFilter.java:53)
	org.springframework.web.filter.OncePerRequestFilter.doFilter(OncePerRequestFilter.java:101)
	org.springframework.security.web.FilterChainProxy$VirtualFilterChain.doFilter(FilterChainProxy.java:320)
	org.springframework.security.web.access.intercept.FilterSecurityInterceptor.invoke(FilterSecurityInterceptor.java:127)
	org.springframework.security.web.access.intercept.FilterSecurityInterceptor.doFilter(FilterSecurityInterceptor.java:91)
	org.springframework.security.web.FilterChainProxy$VirtualFilterChain.doFilter(FilterChainProxy.java:334)
	org.springframework.security.web.access.ExceptionTranslationFilter.doFilter(ExceptionTranslationFilter.java:119)
	org.springframework.security.web.FilterChainProxy$VirtualFilterChain.doFilter(FilterChainProxy.java:334)
	org.springframework.security.web.session.SessionManagementFilter.doFilter(SessionManagementFilter.java:137)
	org.springframework.security.web.FilterChainProxy$VirtualFilterChain.doFilter(FilterChainProxy.java:334)
	org.springframework.security.web.authentication.AnonymousAuthenticationFilter.doFilter(AnonymousAuthenticationFilter.java:111)
	org.springframework.security.web.FilterChainProxy$VirtualFilterChain.doFilter(FilterChainProxy.java:334)
	org.springframework.security.web.servletapi.SecurityContextHolderAwareRequestFilter.doFilter(SecurityContextHolderAwareRequestFilter.java:170)
	org.springframework.security.web.FilterChainProxy$VirtualFilterChain.doFilter(FilterChainProxy.java:334)
	org.springframework.security.web.savedrequest.RequestCacheAwareFilter.doFilter(RequestCacheAwareFilter.java:63)
	org.springframework.security.web.FilterChainProxy$VirtualFilterChain.doFilter(FilterChainProxy.java:334)
	com.scalar.information_bank.api.security.AuthenticationTokenFilter.doFilterInternal(AuthenticationTokenFilter.java:44)
	org.springframework.web.filter.OncePerRequestFilter.doFilter(OncePerRequestFilter.java:107)
	org.springframework.security.web.FilterChainProxy$VirtualFilterChain.doFilter(FilterChainProxy.java:334)
	org.springframework.security.web.authentication.logout.LogoutFilter.doFilter(LogoutFilter.java:116)
	org.springframework.security.web.FilterChainProxy$VirtualFilterChain.doFilter(FilterChainProxy.java:334)
	org.springframework.web.filter.CorsFilter.doFilterInternal(CorsFilter.java:96)
	org.springframework.web.filter.OncePerRequestFilter.doFilter(OncePerRequestFilter.java:107)
	org.springframework.security.web.FilterChainProxy$VirtualFilterChain.doFilter(FilterChainProxy.java:334)
	org.springframework.security.web.header.HeaderWriterFilter.doFilterInternal(HeaderWriterFilter.java:74)
	org.springframework.web.filter.OncePerRequestFilter.doFilter(OncePerRequestFilter.java:107)
	org.springframework.security.web.FilterChainProxy$VirtualFilterChain.doFilter(FilterChainProxy.java:334)
	org.springframework.security.web.context.SecurityContextPersistenceFilter.doFilter(SecurityContextPersistenceFilter.java:105)
	org.springframework.security.web.FilterChainProxy$VirtualFilterChain.doFilter(FilterChainProxy.java:334)
	org.springframework.security.web.context.request.async.WebAsyncManagerIntegrationFilter.doFilterInternal(WebAsyncManagerIntegrationFilter.java:56)
	org.springframework.web.filter.OncePerRequestFilter.doFilter(OncePerRequestFilter.java:107)
	org.springframework.security.web.FilterChainProxy$VirtualFilterChain.doFilter(FilterChainProxy.java:334)
	org.springframework.security.web.FilterChainProxy.doFilterInternal(FilterChainProxy.java:215)
	org.springframework.security.web.FilterChainProxy.doFilter(FilterChainProxy.java:178)
	org.springframework.web.filter.DelegatingFilterProxy.invokeDelegate(DelegatingFilterProxy.java:357)
	org.springframework.web.filter.DelegatingFilterProxy.doFilter(DelegatingFilterProxy.java:270)
	org.springframework.web.filter.RequestContextFilter.doFilterInternal(RequestContextFilter.java:99)
	org.springframework.web.filter.OncePerRequestFilter.doFilter(OncePerRequestFilter.java:107)
	org.springframework.web.filter.FormContentFilter.doFilterInternal(FormContentFilter.java:92)
	org.springframework.web.filter.OncePerRequestFilter.doFilter(OncePerRequestFilter.java:107)
	org.springframework.web.filter.HiddenHttpMethodFilter.doFilterInternal(HiddenHttpMethodFilter.java:93)
	org.springframework.web.filter.OncePerRequestFilter.doFilter(OncePerRequestFilter.java:107)
	org.springframework.web.filter.CharacterEncodingFilter.doFilterInternal(CharacterEncodingFilter.java:200)
	org.springframework.web.filter.OncePerRequestFilter.doFilter(OncePerRequestFilter.java:107)
</pre><p><b>Note</b> The full stack trace of the root cause is available in the server logs.</p><hr class="line" /><h3>Apache Tomcat/9.0.19</h3></body></html>
odingFilter.java:200)
	org.springframework.web.filter.OncePerRequestFilter.doFilter(OncePerRequestFilter.java:107)
</pre><p><b>Root Cause</b></p><pre>io.jsonwebtoken.ExpiredJwtException: JWT expired at 2019-07-26T17:17:32Z. Current time: 2019-07-26T17:23:09Z, a difference of 337048 milliseconds.  Allowed clock skew: 0 milliseconds.
	io.jsonwebtoken.impl.DefaultJwtParser.parse(DefaultJwtParser.java:385)
	io.jsonwebtoken.impl.DefaultJwtParser.parse(DefaultJwtParser.java:481)
	io.jsonwebtoken.impl.DefaultJwtParser.parseClaimsJws(DefaultJwtParser.java:541)
	com.scalar.information_bank.api.security.JwtTokenService.getAllClaimsFromToken(JwtTokenService.java:157)
	com.scalar.information_bank.api.security.JwtTokenService.getClaimFromToken(JwtTokenService.java:151)
	com.scalar.information_bank.api.security.JwtTokenService.getSubjectIdFromToken(JwtTokenService.java:132)
	com.scalar.information_bank.api.security.JwtTokenService.hasToken(JwtTokenService.java:77)
	com.scalar.information_bank.api.security.AuthenticationTokenFilter.doFilterInternal(AuthenticationTokenFilter.java:38)
	org.springframework.web.filter.OncePerRequestFilter.doFilter(OncePerRequestFilter.java:107)
	org.springframework.security.web.FilterChainProxy$VirtualFilterChain.doFilter(FilterChainProxy.java:334)
	org.springframework.security.web.authentication.logout.LogoutFilter.doFilter(LogoutFilter.java:116)
	org.springframework.security.web.FilterChainProxy$VirtualFilterChain.doFilter(FilterChainProxy.java:334)
	org.springframework.web.filter.CorsFilter.doFilterInternal(CorsFilter.java:96)
	org.springframework.web.filter.OncePerRequestFilter.doFilter(OncePerRequestFilter.java:107)
	org.springframework.security.web.FilterChainProxy$VirtualFilterChain.doFilter(FilterChainProxy.java:334)
	org.springframework.security.web.header.HeaderWriterFilter.doFilterInternal(HeaderWriterFilter.java:74)
	org.springframework.web.filter.OncePerRequestFilter.doFilter(OncePerRequestFilter.java:107)
	org.springframework.security.web.FilterChainProxy$VirtualFilterChain.doFilter(FilterChainProxy.java:334)
	org.springframework.security.web.context.SecurityContextPersistenceFilter.doFilter(SecurityContextPersistenceFilter.java:105)
	org.springframework.security.web.FilterChainProxy$VirtualFilterChain.doFilter(FilterChainProxy.java:334)
	org.springframework.security.web.context.request.async.WebAsyncManagerIntegrationFilter.doFilterInternal(WebAsyncManagerIntegrationFilter.java:56)
	org.springframework.web.filter.OncePerRequestFilter.doFilter(OncePerRequestFilter.java:107)
	org.springframework.security.web.FilterChainProxy$VirtualFilterChain.doFilter(FilterChainProxy.java:334)
	org.springframework.security.web.FilterChainProxy.doFilterInternal(FilterChainProxy.java:215)
	org.springframework.security.web.FilterChainProxy.doFilter(FilterChainProxy.java:178)
	org.springframework.web.filter.DelegatingFilterProxy.invokeDelegate(DelegatingFilterProxy.java:357)
	org.springframework.web.filter.DelegatingFilterProxy.doFilter(DelegatingFilterProxy.java:270)
	org.springframework.web.filter.RequestContextFilter.doFilterInternal(RequestContextFilter.java:99)
	org.springframework.web.filter.OncePerRequestFilter.doFilter(OncePerRequestFilter.java:107)
	org.springframework.web.filter.FormContentFilter.doFilterInternal(FormContentFilter.java:92)
	org.springframework.web.filter.OncePerRequestFilter.doFilter(OncePerRequestFilter.java:107)
	org.springframework.web.filter.HiddenHttpMethodFilter.doFilterInternal(HiddenHttpMethodFilter.java:93)
	org.springframework.web.filter.OncePerRequestFilter.doFilter(OncePerRequestFilter.java:107)
	org.springframework.web.filter.CharacterEncodingFilter.doFilterInternal(CharacterEncodingFilter.java:200)
	org.springframework.web.filter.OncePerRequestFilter.doFilter(OncePerRequestFilter.java:107)
</pre><p><b>Note</b> The full stack trace of the root cause is available in the server logs.</p><hr class="line" /><h3>Apache Tomcat/9.0.19</h3></body></html>
