10:59:55.650 karate.env system property was: null 
10:59:55.993 request:
1 > POST http://localhost:8080/v1/admin/accounts/admin/jwt/token
1 > Accept-Encoding: gzip,deflate
1 > Connection: Keep-Alive
1 > Content-Length: 20
1 > Content-Type: application/json; charset=UTF-8
1 > Host: localhost:8080
1 > User-Agent: Apache-HttpClient/4.5.5 (Java/1.8.0_212)
{"password":"admin"}

10:59:56.109 response time in milliseconds: 115.00
1 < 200
1 < Authorization: Bearer eyJhbGciOiJIUzI1NiJ9.eyJzdWIiOiJhZG1pbiIsInJvbGUiOiJST0xFQURNSU4iLCJleHAiOjE1NjQzNjczOTYsImlhdCI6MTU2NDM2NTU5Nn0.9K69zQlyNhIQk36VxI2s2JiM2BhPDna1PA1lw5m2yxw
1 < Cache-Control: no-cache, no-store, max-age=0, must-revalidate
1 < Content-Length: 0
1 < Date: Mon, 29 Jul 2019 01:59:56 GMT
1 < Expires: 0
1 < Pragma: no-cache
1 < Set-Cookie: JSESSIONID=9D969CABA462CAA7B2B4AEC5B8866FE2; Path=/v1; HttpOnly
1 < X-Content-Type-Options: nosniff
1 < X-Frame-Options: DENY
1 < X-XSS-Protection: 1; mode=block

